foc@foc:~/dao-contracts$ make docs
    Checking cfg-if v1.0.0
    Checking subtle v2.4.1
    Checking rand_core v0.5.1
    Checking funty v1.1.0
    Checking ppv-lite86 v0.2.16
    Checking wyz v0.2.0
    Checking radium v0.3.0
    Checking byteorder v1.4.3
    Checking fastrand v1.7.0
    Checking remove_dir_all v0.5.3
    Checking opaque-debug v0.3.0
    Checking lazy_static v1.4.0
    Checking bit-vec v0.6.3
    Checking bitflags v1.3.2
    Checking hashbrown v0.11.2
    Checking cpufeatures v0.2.1
    Checking fnv v1.0.7
    Checking ryu v1.0.9
    Checking itoa v1.0.1
    Checking quick-error v1.2.3
    Checking static_assertions v1.1.0
    Checking dyn-clone v1.0.4
    Checking quick-error v2.0.1
    Checking regex-syntax v0.6.25
    Checking base16 v0.2.1
    Checking once_cell v1.9.0
    Checking hex_fmt v0.3.0
    Checking base64 v0.13.0
    Checking parity-wasm v0.41.0
    Checking either v1.6.1
    Checking pin-project-lite v0.2.8
    Checking downcast-rs v1.2.0
    Checking match_cfg v0.1.0
    Checking memory_units v0.3.0
    Checking linked-hash-map v0.5.3
    Checking unicode-xid v0.2.2
    Checking diff v0.1.12
    Checking ansi_term v0.12.1
    Checking convert_case v0.5.0
    Checking rand_chacha v0.2.2
    Checking bitvec v0.18.5
    Checking tracing-core v0.1.21
    Checking bit-set v0.5.2
    Checking wasmi-validation v0.3.0
    Checking itertools v0.10.3
    Checking pretty_assertions v1.2.0
    Checking proc-macro2 v1.0.36
    Checking libc v0.2.113
    Checking typenum v1.15.0
    Checking rand v0.7.3
    Checking crunchy v0.2.2
    Checking anyhow v1.0.53
    Checking ff v0.8.0
    Checking num-traits v0.2.14
    Checking quote v1.0.15
    Checking getrandom v0.2.4
    Checking tempfile v3.3.0
    Checking wait-timeout v0.2.0
    Checking time v0.1.43
    Checking hostname v0.3.1
    Checking generic-array v0.14.5
    Checking lmdb-sys v0.8.0
    Checking group v0.8.0
    Checking syn v1.0.86
    Checking rand_core v0.6.3
    Checking rusty-fork v0.3.0
    Checking num-integer v0.1.44
    Checking num-complex v0.4.0
    Checking lmdb v0.8.0
    Checking digest v0.9.0
    Checking crypto-mac v0.10.1
    Checking block-buffer v0.9.0
    Checking crypto-mac v0.8.0
    Checking rand_chacha v0.3.1
    Checking rand_xorshift v0.3.0
    Checking num-bigint v0.4.3
    Checking num-iter v0.1.42
    Checking num-bigint v0.2.6
    Checking chrono v0.4.19
    Checking serde v1.0.134
    Checking datasize v0.2.10
    Checking value-bag v1.0.0-alpha.8
    Checking thiserror v1.0.30
    Checking tracing v0.1.29
    Checking signature v1.2.2
    Checking hmac v0.10.1
    Checking sha2 v0.9.9
    Checking blake2 v0.9.2
    Checking rand v0.8.4
 Documenting casper-dao-macros v0.1.0 (/home/foc/dao-contracts/dao-macros)
    Checking num-rational v0.2.4
    Checking zeroize v1.5.0
    Checking ed25519 v1.2.0
    Checking proptest v1.0.0
    Checking hex v0.4.3
    Checking num-rational v0.4.0
    Checking serde_json v1.0.76
    Checking indexmap v1.8.0
    Checking serde_bytes v0.11.5
    Checking log v0.4.14
    Checking uuid v0.8.2
    Checking bincode v1.3.3
    Checking elliptic-curve v0.8.5
    Checking curve25519-dalek v3.2.0
    Checking wasmi v0.8.0
    Checking uint v0.9.1
    Checking hex-buffer-serde v0.3.0
    Checking hex-buffer-serde v0.2.2
    Checking num v0.4.0
    Checking schemars v0.8.5
    Checking pwasm-utils v0.16.0
    Checking ecdsa v0.10.2
    Checking ed25519-dalek v1.0.1
    Checking k256 v0.7.3
    Checking casper-types v1.4.6
    Checking casper-hashing v1.4.3
    Checking casper-contract v1.4.3
    Checking casper-execution-engine v1.4.4
    Checking casper-engine-test-support v2.0.3
    Checking casper-dao-utils v0.1.0 (/home/foc/dao-contracts/dao-utils)
 Documenting casper-dao-utils v0.1.0 (/home/foc/dao-contracts/dao-utils)
    Checking casper-dao-modules v0.1.0 (/home/foc/dao-contracts/dao-modules)
    Checking casper-dao-erc721 v0.1.0 (/home/foc/dao-contracts/dao-erc721)
    Checking casper-dao-erc20 v0.1.0 (/home/foc/dao-contracts/dao-erc20)
 Documenting casper-dao-modules v0.1.0 (/home/foc/dao-contracts/dao-modules)
 Documenting casper-dao-erc721 v0.1.0 (/home/foc/dao-contracts/dao-erc721)
 Documenting casper-dao-erc20 v0.1.0 (/home/foc/dao-contracts/dao-erc20)
 Documenting casper-dao-contracts v0.1.0 (/home/foc/dao-contracts/dao-contracts)
warning: unresolved link to `casper_dao_modules::events::Burn`
  --> dao-contracts/src/dao_nft.rs:78:5
   |
78 | /     /// Burns a token with the given id. Decrements the balance of the token owner
79 | |     /// and decrements the total supply.
80 | |     ///
81 | |     /// # Errors
...  |
85 | |     /// # Events
86 | |     /// Emits [`Burn`](casper_dao_modules::events::Burn) event.
   | |_______________________________________________________________^
   |
   = note: `#[warn(rustdoc::broken_intra_doc_links)]` on by default
   = note: the link appears in this line:
           
           Emits [`Burn`](casper_dao_modules::events::Burn) event.
                          ^^^^^^^^^^^^^^^^^^^^^^^^^^^^^^^^
   = note: no item named `Burn` in module `events`

warning: unresolved link to `TokenWithStaking`
  --> dao-contracts/src/reputation.rs:17:5
   |
17 | /     /// Constructor method.
18 | |     ///
19 | |     /// It initializes contract elements:
20 | |     /// * Events dictionary.
...  |
25 | |     /// It emits [`OwnerChanged`](casper_dao_modules::events::OwnerChanged),
26 | |     /// [`AddedToWhitelist`](casper_dao_modules::events::AddedToWhitelist) events.
   | |__________________________________________________________________________________^
   |
   = note: the link appears in this line:
           
           * Named keys of [`TokenWithStaking`], [`AccessControl`].
                            ^^^^^^^^^^^^^^^^^^
   = note: no item named `TokenWithStaking` in scope
   = help: to escape `[` and `]` characters, add '\' before them like `\[` or `\]`

warning: unresolved link to `casper_dao_modules::events::Mint`
  --> dao-contracts/src/reputation.rs:29:5
   |
29 | /     /// Mint new tokens. Add `amount` of new tokens to the balance of the `recipient` and
30 | |     /// increment the total supply. Only whitelisted addresses are permited to call this method.
31 | |     ///
32 | |     /// It throws [`NotWhitelisted`](casper_dao_utils::Error::NotWhitelisted) if caller
33 | |     /// is not whitelisted.
34 | |     ///
35 | |     /// It emits [`Mint`](casper_dao_modules::events::Mint) event.
   | |__________________________________________________________________^
   |
   = note: the link appears in this line:
           
           It emits [`Mint`](casper_dao_modules::events::Mint) event.
                             ^^^^^^^^^^^^^^^^^^^^^^^^^^^^^^^^
   = note: no item named `Mint` in module `events`

warning: unresolved link to `casper_dao_modules::events::Burn`
  --> dao-contracts/src/reputation.rs:38:5
   |
38 | /     /// Burn existing tokens. Remove `amount` of existing tokens from the balance of the `owner`
39 | |     /// and decrement the total supply. Only whitelisted addresses are permited to call this
40 | |     /// method.
41 | |     ///
...  |
44 | |     ///
45 | |     /// It emits [`Burn`](casper_dao_modules::events::Burn) event.
   | |__________________________________________________________________^
   |
   = note: the link appears in this line:
           
           It emits [`Burn`](casper_dao_modules::events::Burn) event.
                             ^^^^^^^^^^^^^^^^^^^^^^^^^^^^^^^^
   = note: no item named `Burn` in module `events`

warning: unresolved link to `casper_dao_modules::events::Transfer`
  --> dao-contracts/src/reputation.rs:48:5
   |
48 | /     /// Transfer `amount` of tokens from `owner` to `recipient`. Only whitelisted addresses are
49 | |     /// permited to call this method.
50 | |     ///
51 | |     /// It throws [`NotWhitelisted`](casper_dao_utils::Error::NotWhitelisted) if caller
...  |
56 | |     ///
57 | |     /// It emits [`Transfer`](casper_dao_modules::events::Transfer) event.
   | |__________________________________________________________________________^
   |
   = note: the link appears in this line:
           
           It emits [`Transfer`](casper_dao_modules::events::Transfer) event.
                                 ^^^^^^^^^^^^^^^^^^^^^^^^^^^^^^^^^^^^
   = note: no item named `Transfer` in module `events`

warning: unresolved link to `Error:InvalidTokenOwner`
  --> dao-contracts/src/voting/onboarding_info.rs:53:85
   |
53 |     /// If the `address` does not own any token, reverts with [`InvalidTokenOwner`](Error:InvalidTokenOwner) error.
   |                                                                                     ^^^^^^^^^^^^^^^^^^^^^^^ no item named `Error:InvalidTokenOwner` in scope
   |
   = help: to escape `[` and `]` characters, add '\' before them like `\[` or `\]`

warning: unresolved link to `casper_dao_modules::events::Burn`
  --> dao-contracts/src/dao_nft.rs:78:5
   |
78 | /     /// Burns a token with the given id. Decrements the balance of the token owner
79 | |     /// and decrements the total supply.
80 | |     ///
81 | |     /// # Errors
...  |
85 | |     /// # Events
86 | |     /// Emits [`Burn`](casper_dao_modules::events::Burn) event.
   | |_______________________________________________________________^
   |
   = note: the link appears in this line:
           
           Emits [`Burn`](casper_dao_modules::events::Burn) event.
                          ^^^^^^^^^^^^^^^^^^^^^^^^^^^^^^^^
   = note: no item named `Burn` in module `events`

warning: 7 warnings emitted

    Finished dev [unoptimized + debuginfo] target(s) in 28.03s
     Opening /home/foc/dao-contracts/target/doc/casper_dao_contracts/index.html
warning: couldn't open docs

command 'xdg-open (internal)' did not execute successfully; exit status: 3
command stderr:
Couldn't find a suitable web browser!
Set the BROWSER environment variable to your desired browser.
Warning: program returned non-zero exit code #256
sh: 881: www-browser: not found
sh: 881: links2: not found
sh: 881: elinks: not found
sh: 881: links: not found
sh: 881: lynx: not found
sh: 881: w3m: not found
xdg-open: no method available for opening '/home/foc/dao-contracts/target/doc/casper_dao_contracts/index.html'
